<?xml version="1.0" encoding="UTF-8"?>
<!-- Generated by org.testng.reporters.JUnitReportReporter -->
<testsuite hostname="Tallinn" failures="0" tests="1" name="test_Cases.Universal" time="4.203" errors="0" timestamp="2024-07-14T11:35:38 IST" skipped="0">
  <testcase classname="test_Cases.Universal" name="Run" time="4.203"/>
  <system-out/>
</testsuite> <!-- test_Cases.Universal -->
