<?xml version="1.0" encoding="UTF-8"?>
<!-- Generated by org.testng.reporters.JUnitReportReporter -->
<testsuite hostname="Tallinn" failures="0" tests="3" name="test_Cases.Load_Time_checker" time="6.096" errors="0" timestamp="2024-07-19T15:56:23 IST" skipped="0">
  <testcase classname="test_Cases.Load_Time_checker" name="testPageLoadTime" time="2.049"/>
  <system-out/>
  <testcase classname="test_Cases.Load_Time_checker" name="testPageLoadTime" time="1.787"/>
  <system-out/>
  <testcase classname="test_Cases.Load_Time_checker" name="testPageLoadTime" time="2.260"/>
  <system-out/>
</testsuite> <!-- test_Cases.Load_Time_checker -->
