<?xml version="1.0" encoding="UTF-8"?>
<!-- Generated by org.testng.reporters.JUnitReportReporter -->
<testsuite hostname="Tallinn" failures="0" tests="1" name="test_Cases.Find_Public_Link" time="85893.375" errors="0" timestamp="2024-07-15T11:35:48 IST" skipped="0">
  <testcase classname="test_Cases.Find_Public_Link" name="Run" time="85893.375"/>
  <system-out/>
</testsuite> <!-- test_Cases.Find_Public_Link -->
