<?xml version="1.0" encoding="UTF-8"?>
<!-- Generated by org.testng.reporters.JUnitReportReporter -->
<testsuite hostname="Divyanshus-MacBook-Air.local" failures="0" tests="1" name="test_Cases.Sanjog" time="3.114" errors="0" timestamp="2024-09-23T11:54:27 IST" skipped="0">
  <testcase classname="test_Cases.Sanjog" name="testGetSitemap" time="3.114"/>
  <system-out/>
</testsuite> <!-- test_Cases.Sanjog -->
