<?xml version="1.0" encoding="UTF-8"?>
<!-- Generated by org.testng.reporters.JUnitReportReporter -->
<testsuite hostname="Divyanshus-MacBook-Air.local" failures="0" tests="1" name="test_Cases.Find_Public_Link" time="3334.114" errors="0" timestamp="2024-07-06T20:00:06 IST" skipped="0">
  <testcase classname="test_Cases.Find_Public_Link" name="Run" time="3334.114"/>
  <system-out/>
</testsuite> <!-- test_Cases.Find_Public_Link -->
