<?xml version="1.0" encoding="UTF-8"?>
<!-- Generated by org.testng.reporters.JUnitReportReporter -->
<testsuite hostname="Divyanshus-MacBook-Air.local" failures="0" tests="2" name="test_cases.TC_001" time="3.908" errors="0" timestamp="2024-08-19T13:45:57 IST" skipped="0">
  <testcase classname="test_cases.TC_001" name="check_Title" time="3.885"/>
  <testcase classname="test_cases.TC_001" name="f" time="0.023"/>
</testsuite> <!-- test_cases.TC_001 -->
