<?xml version="1.0" encoding="UTF-8"?>
<!-- Generated by org.testng.reporters.JUnitReportReporter -->
<testsuite hostname="Divyanshus-MacBook-Air.local" failures="0" tests="1" name="test_cases.TC_008" time="12.993" errors="0" timestamp="2024-08-28T13:25:35 IST" skipped="0">
  <testcase classname="test_cases.TC_008" name="Check_Social_Page_Title" time="12.993"/>
</testsuite> <!-- test_cases.TC_008 -->
