<?xml version="1.0" encoding="UTF-8"?>
<!-- Generated by org.testng.reporters.JUnitReportReporter -->
<testsuite hostname="Divyanshus-MacBook-Air.local" failures="0" tests="1" name="test_cases.TC_006" time="11.801" errors="0" timestamp="2024-08-24T17:09:08 IST" skipped="0">
  <testcase classname="test_cases.TC_006" name="f" time="11.801"/>
</testsuite> <!-- test_cases.TC_006 -->
