<?xml version="1.0" encoding="UTF-8"?>
<!-- Generated by org.testng.reporters.JUnitReportReporter -->
<testsuite hostname="Divyanshus-MacBook-Air.local" failures="0" tests="1" name="test_cases.TC_004" time="10.379" errors="0" timestamp="2024-08-21T23:58:00 IST" skipped="0">
  <testcase classname="test_cases.TC_004" name="f" time="10.379"/>
</testsuite> <!-- test_cases.TC_004 -->
