<?xml version="1.0" encoding="UTF-8"?>
<!-- Generated by org.testng.reporters.JUnitReportReporter -->
<testsuite hostname="Divyanshus-MacBook-Air.local" failures="0" tests="1" name="test_cases.TC_009" time="9.107" errors="0" timestamp="2024-08-28T14:27:38 IST" skipped="0">
  <testcase classname="test_cases.TC_009" name="Test_English" time="9.107"/>
</testsuite> <!-- test_cases.TC_009 -->
