<?xml version="1.0" encoding="UTF-8"?>
<!-- Generated by org.testng.reporters.JUnitReportReporter -->
<testsuite hostname="Divyanshus-MacBook-Air.local" failures="0" tests="1" name="base_package.Base_Class" time="0.033" errors="0" timestamp="8 Aug 2024 17:40:43 GMT">
  <testcase classname="base_package.Base_Class" name="f" time="0.033"/>
</testsuite> <!-- base_package.Base_Class -->
