<?xml version="1.0" encoding="UTF-8"?>
<!-- Generated by org.testng.reporters.JUnitReportReporter -->
<testsuite hostname="Divyanshus-MacBook-Air.local" failures="0" tests="1" name="test_cases.TC_007" time="13.337" errors="0" timestamp="2024-08-28T13:18:20 IST" skipped="0">
  <testcase classname="test_cases.TC_007" name="f" time="13.337"/>
</testsuite> <!-- test_cases.TC_007 -->
