<?xml version="1.0" encoding="UTF-8"?>
<!-- Generated by org.testng.reporters.JUnitReportReporter -->
<testsuite hostname="Divyanshus-MacBook-Air.local" failures="0" tests="1" name="test_cases.TC_005" time="14.988" errors="0" timestamp="2024-08-23T00:17:28 IST" skipped="0">
  <testcase classname="test_cases.TC_005" name="f" time="14.988"/>
</testsuite> <!-- test_cases.TC_005 -->
